<?xml version="1.0" encoding="UTF-8"?>
<!-- Generated by org.testng.reporters.JUnitReportReporter -->
<testsuite hostname="ETC1304235" failures="0" tests="1" name="MyRunner.TestRunner" time="0.075" errors="0" timestamp="07 Mar 2023 13:49:13 GMT" skipped="0">
  <testcase classname="MyRunner.TestRunner" name="feature" time="0.075"/>
</testsuite> <!-- MyRunner.TestRunner -->
