<?xml version="1.0" encoding="UTF-8"?>
<!-- Generated by org.testng.reporters.JUnitReportReporter -->
<testsuite skipped="0" hostname="ETC1304235" name="MyRunner.TestRunner" tests="1" failures="0" timestamp="07 Mar 2023 10:19:51 GMT" time="0.168" errors="0">
  <testcase name="feature" time="0.168" classname="MyRunner.TestRunner"/>
</testsuite> <!-- MyRunner.TestRunner -->
